12:50:02.339 [main] INFO  testCase.TC_001_AccountRegistrationTest - ****Starting TC_001_AccountRegistrationTest****
12:50:02.444 [main] INFO  testCase.TC_001_AccountRegistrationTest - MyAccount
12:50:03.206 [main] INFO  testCase.TC_001_AccountRegistrationTest - Registration
12:50:03.208 [main] INFO  testCase.TC_001_AccountRegistrationTest - AccountRegistrationPage
12:50:03.435 [main] INFO  testCase.TC_001_AccountRegistrationTest - firstname
12:50:03.530 [main] INFO  testCase.TC_001_AccountRegistrationTest - lastname
12:50:03.658 [main] INFO  testCase.TC_001_AccountRegistrationTest - Email
12:50:04.837 [main] ERROR testCase.TC_001_AccountRegistrationTest - test failed
12:52:12.462 [main] INFO  testCase.TC_001_AccountRegistrationTest - ****Starting TC_001_AccountRegistrationTest****
12:52:12.611 [main] INFO  testCase.TC_001_AccountRegistrationTest - MyAccount
12:52:13.293 [main] INFO  testCase.TC_001_AccountRegistrationTest - Registration
12:52:13.296 [main] INFO  testCase.TC_001_AccountRegistrationTest - AccountRegistrationPage
12:52:13.427 [main] INFO  testCase.TC_001_AccountRegistrationTest - firstname
12:52:13.488 [main] INFO  testCase.TC_001_AccountRegistrationTest - lastname
12:52:13.580 [main] INFO  testCase.TC_001_AccountRegistrationTest - Email
12:52:14.789 [main] ERROR testCase.TC_001_AccountRegistrationTest - test failed
12:52:31.003 [main] INFO  testCase.TC_001_AccountRegistrationTest - ****Starting TC_001_AccountRegistrationTest****
12:52:31.355 [main] INFO  testCase.TC_001_AccountRegistrationTest - MyAccount
12:52:32.048 [main] INFO  testCase.TC_001_AccountRegistrationTest - Registration
12:52:32.054 [main] INFO  testCase.TC_001_AccountRegistrationTest - AccountRegistrationPage
12:52:32.232 [main] INFO  testCase.TC_001_AccountRegistrationTest - firstname
12:52:32.303 [main] INFO  testCase.TC_001_AccountRegistrationTest - lastname
12:52:32.386 [main] INFO  testCase.TC_001_AccountRegistrationTest - Email
12:52:33.543 [main] ERROR testCase.TC_001_AccountRegistrationTest - test failed
13:32:35.771 [main] INFO  testCase.TC_001_AccountRegistrationTest - ****Starting TC_001_AccountRegistrationTest****
13:32:35.915 [main] INFO  testCase.TC_001_AccountRegistrationTest - MyAccount
13:32:36.493 [main] INFO  testCase.TC_001_AccountRegistrationTest - Registration
13:32:36.495 [main] INFO  testCase.TC_001_AccountRegistrationTest - AccountRegistrationPage
13:32:36.666 [main] INFO  testCase.TC_001_AccountRegistrationTest - firstname
13:32:36.796 [main] INFO  testCase.TC_001_AccountRegistrationTest - lastname
13:32:36.940 [main] INFO  testCase.TC_001_AccountRegistrationTest - Email
13:33:55.350 [main] INFO  testCase.TC_001_AccountRegistrationTest - ****Starting TC_001_AccountRegistrationTest****
13:33:55.450 [main] INFO  testCase.TC_001_AccountRegistrationTest - MyAccount
13:33:56.016 [main] INFO  testCase.TC_001_AccountRegistrationTest - Registration
13:33:56.023 [main] INFO  testCase.TC_001_AccountRegistrationTest - AccountRegistrationPage
13:33:56.210 [main] INFO  testCase.TC_001_AccountRegistrationTest - firstname
13:33:56.308 [main] INFO  testCase.TC_001_AccountRegistrationTest - lastname
13:33:56.401 [main] INFO  testCase.TC_001_AccountRegistrationTest - Email
13:34:01.633 [main] INFO  testCase.TC_001_AccountRegistrationTest - Click the button to continue
13:34:01.633 [main] INFO  testCase.TC_001_AccountRegistrationTest - ****FinishingTC_001_AccountRegistrationTest****
13:35:15.762 [main] INFO  testCase.TC_001_AccountRegistrationTest - ****Starting TC_001_AccountRegistrationTest****
13:35:15.938 [main] INFO  testCase.TC_001_AccountRegistrationTest - MyAccount
13:36:16.170 [main] INFO  testCase.TC_001_AccountRegistrationTest - ****Starting TC_001_AccountRegistrationTest****
13:36:16.317 [main] INFO  testCase.TC_001_AccountRegistrationTest - MyAccount
13:36:16.957 [main] INFO  testCase.TC_001_AccountRegistrationTest - Registration
13:36:16.972 [main] INFO  testCase.TC_001_AccountRegistrationTest - AccountRegistrationPage
13:36:17.147 [main] INFO  testCase.TC_001_AccountRegistrationTest - firstname
13:36:17.250 [main] INFO  testCase.TC_001_AccountRegistrationTest - lastname
13:36:17.360 [main] INFO  testCase.TC_001_AccountRegistrationTest - Email
13:36:22.587 [main] INFO  testCase.TC_001_AccountRegistrationTest - Click the button to continue
13:36:22.587 [main] INFO  testCase.TC_001_AccountRegistrationTest - ****FinishingTC_001_AccountRegistrationTest****
13:38:40.769 [main] INFO  testCase.TC_001_AccountRegistrationTest - ****Starting TC_001_AccountRegistrationTest****
13:38:40.907 [main] INFO  testCase.TC_001_AccountRegistrationTest - MyAccount
13:38:41.484 [main] INFO  testCase.TC_001_AccountRegistrationTest - Registration
13:38:41.487 [main] INFO  testCase.TC_001_AccountRegistrationTest - AccountRegistrationPage
13:38:41.672 [main] INFO  testCase.TC_001_AccountRegistrationTest - firstname
13:38:41.774 [main] INFO  testCase.TC_001_AccountRegistrationTest - lastname
13:38:41.944 [main] INFO  testCase.TC_001_AccountRegistrationTest - Email
13:38:47.272 [main] INFO  testCase.TC_001_AccountRegistrationTest - Click the button to continue
13:38:47.272 [main] INFO  testCase.TC_001_AccountRegistrationTest - ****FinishingTC_001_AccountRegistrationTest****
13:44:13.656 [main] INFO  testCase.TC_001_AccountRegistrationTest - ****Starting TC_001_AccountRegistrationTest****
13:44:14.212 [main] INFO  testCase.TC_001_AccountRegistrationTest - MyAccount
13:44:14.775 [main] INFO  testCase.TC_001_AccountRegistrationTest - Registration
13:44:14.784 [main] INFO  testCase.TC_001_AccountRegistrationTest - AccountRegistrationPage
13:44:14.962 [main] INFO  testCase.TC_001_AccountRegistrationTest - firstname
13:44:15.039 [main] INFO  testCase.TC_001_AccountRegistrationTest - lastname
13:44:15.152 [main] INFO  testCase.TC_001_AccountRegistrationTest - Email
13:44:20.410 [main] INFO  testCase.TC_001_AccountRegistrationTest - Click the button to continue
13:52:23.954 [main] INFO  testCase.TC_001_AccountRegistrationTest - ****Starting TC_001_AccountRegistrationTest****
13:52:24.109 [main] INFO  testCase.TC_001_AccountRegistrationTest - MyAccount
13:52:24.719 [main] INFO  testCase.TC_001_AccountRegistrationTest - Registration
13:52:24.722 [main] INFO  testCase.TC_001_AccountRegistrationTest - AccountRegistrationPage
13:52:24.877 [main] INFO  testCase.TC_001_AccountRegistrationTest - firstname
13:52:24.975 [main] INFO  testCase.TC_001_AccountRegistrationTest - lastname
13:52:25.093 [main] INFO  testCase.TC_001_AccountRegistrationTest - Email
13:52:30.432 [main] INFO  testCase.TC_001_AccountRegistrationTest - Click the button to continue
13:57:10.130 [main] INFO  testCase.TC_001_AccountRegistrationTest - ****Starting TC_001_AccountRegistrationTest****
13:57:10.328 [main] INFO  testCase.TC_001_AccountRegistrationTest - MyAccount
13:57:10.901 [main] INFO  testCase.TC_001_AccountRegistrationTest - Registration
13:57:10.904 [main] INFO  testCase.TC_001_AccountRegistrationTest - AccountRegistrationPage
13:57:11.021 [main] INFO  testCase.TC_001_AccountRegistrationTest - firstname
13:57:11.087 [main] INFO  testCase.TC_001_AccountRegistrationTest - lastname
13:57:11.166 [main] INFO  testCase.TC_001_AccountRegistrationTest - Email
13:57:16.370 [main] INFO  testCase.TC_001_AccountRegistrationTest - Click the button to continue
13:58:32.683 [main] INFO  testCase.TC_001_AccountRegistrationTest - ****Starting TC_001_AccountRegistrationTest****
13:58:32.841 [main] INFO  testCase.TC_001_AccountRegistrationTest - MyAccount
13:58:33.439 [main] INFO  testCase.TC_001_AccountRegistrationTest - Registration
13:58:33.441 [main] INFO  testCase.TC_001_AccountRegistrationTest - AccountRegistrationPage
13:58:33.583 [main] INFO  testCase.TC_001_AccountRegistrationTest - firstname
13:58:33.699 [main] INFO  testCase.TC_001_AccountRegistrationTest - lastname
13:58:33.841 [main] INFO  testCase.TC_001_AccountRegistrationTest - Email
13:58:52.243 [main] INFO  testCase.TC_001_AccountRegistrationTest - ****Starting TC_001_AccountRegistrationTest****
13:58:52.425 [main] INFO  testCase.TC_001_AccountRegistrationTest - MyAccount
13:58:52.938 [main] INFO  testCase.TC_001_AccountRegistrationTest - Registration
13:58:52.940 [main] INFO  testCase.TC_001_AccountRegistrationTest - AccountRegistrationPage
13:58:53.045 [main] INFO  testCase.TC_001_AccountRegistrationTest - firstname
13:58:53.148 [main] INFO  testCase.TC_001_AccountRegistrationTest - lastname
13:58:53.295 [main] INFO  testCase.TC_001_AccountRegistrationTest - Email
14:00:24.169 [main] INFO  testCase.TC_001_AccountRegistrationTest - ****Starting TC_001_AccountRegistrationTest****
14:00:24.352 [main] INFO  testCase.TC_001_AccountRegistrationTest - MyAccount
14:00:24.961 [main] INFO  testCase.TC_001_AccountRegistrationTest - Registration
14:00:24.965 [main] INFO  testCase.TC_001_AccountRegistrationTest - AccountRegistrationPage
14:00:25.088 [main] INFO  testCase.TC_001_AccountRegistrationTest - firstname
14:00:25.160 [main] INFO  testCase.TC_001_AccountRegistrationTest - lastname
14:00:25.238 [main] INFO  testCase.TC_001_AccountRegistrationTest - Email
14:00:42.239 [main] INFO  testCase.TC_001_AccountRegistrationTest - ****Starting TC_001_AccountRegistrationTest****
14:00:42.382 [main] INFO  testCase.TC_001_AccountRegistrationTest - MyAccount
14:00:42.983 [main] INFO  testCase.TC_001_AccountRegistrationTest - Registration
14:00:42.993 [main] INFO  testCase.TC_001_AccountRegistrationTest - AccountRegistrationPage
14:00:43.144 [main] INFO  testCase.TC_001_AccountRegistrationTest - firstname
14:00:43.240 [main] INFO  testCase.TC_001_AccountRegistrationTest - lastname
14:00:43.321 [main] INFO  testCase.TC_001_AccountRegistrationTest - Email
14:01:26.874 [main] INFO  testCase.TC_001_AccountRegistrationTest - ****Starting TC_001_AccountRegistrationTest****
14:01:27.010 [main] INFO  testCase.TC_001_AccountRegistrationTest - MyAccount
14:01:27.617 [main] INFO  testCase.TC_001_AccountRegistrationTest - Registration
14:01:27.621 [main] INFO  testCase.TC_001_AccountRegistrationTest - AccountRegistrationPage
14:01:27.732 [main] INFO  testCase.TC_001_AccountRegistrationTest - firstname
14:01:27.803 [main] INFO  testCase.TC_001_AccountRegistrationTest - lastname
14:01:27.884 [main] INFO  testCase.TC_001_AccountRegistrationTest - Email
14:02:14.589 [main] INFO  testCase.TC_001_AccountRegistrationTest - ****Starting TC_001_AccountRegistrationTest****
14:02:14.760 [main] INFO  testCase.TC_001_AccountRegistrationTest - MyAccount
14:02:15.407 [main] INFO  testCase.TC_001_AccountRegistrationTest - Registration
14:02:15.412 [main] INFO  testCase.TC_001_AccountRegistrationTest - AccountRegistrationPage
14:02:15.567 [main] INFO  testCase.TC_001_AccountRegistrationTest - firstname
14:02:15.632 [main] INFO  testCase.TC_001_AccountRegistrationTest - lastname
14:02:15.715 [main] INFO  testCase.TC_001_AccountRegistrationTest - Email
14:25:12.974 [main] INFO  testCase.TC_001_AccountRegistrationTest - ****Starting TC_001_AccountRegistrationTest****
14:25:13.074 [main] INFO  testCase.TC_001_AccountRegistrationTest - MyAccount
14:25:13.696 [main] INFO  testCase.TC_001_AccountRegistrationTest - Registration
14:25:13.700 [main] INFO  testCase.TC_001_AccountRegistrationTest - AccountRegistrationPage
14:25:13.866 [main] INFO  testCase.TC_001_AccountRegistrationTest - firstname
14:25:13.967 [main] INFO  testCase.TC_001_AccountRegistrationTest - lastname
14:25:14.143 [main] INFO  testCase.TC_001_AccountRegistrationTest - Email
14:44:19.607 [main] INFO  testCase.TC_001_AccountRegistrationTest - ****Starting TC_001_AccountRegistrationTest****
14:44:19.751 [main] INFO  testCase.TC_001_AccountRegistrationTest - MyAccount
14:44:20.830 [main] INFO  testCase.TC_001_AccountRegistrationTest - Registration
14:44:20.833 [main] INFO  testCase.TC_001_AccountRegistrationTest - AccountRegistrationPage
14:44:20.939 [main] INFO  testCase.TC_001_AccountRegistrationTest - firstname
14:44:21.001 [main] INFO  testCase.TC_001_AccountRegistrationTest - lastname
14:44:21.082 [main] INFO  testCase.TC_001_AccountRegistrationTest - Email
14:45:04.620 [main] INFO  testCase.TC_001_AccountRegistrationTest - ****Starting TC_001_AccountRegistrationTest****
14:45:04.730 [main] INFO  testCase.TC_001_AccountRegistrationTest - MyAccount
14:45:05.925 [main] INFO  testCase.TC_001_AccountRegistrationTest - Registration
14:45:05.928 [main] INFO  testCase.TC_001_AccountRegistrationTest - AccountRegistrationPage
14:45:06.038 [main] INFO  testCase.TC_001_AccountRegistrationTest - firstname
14:45:06.103 [main] INFO  testCase.TC_001_AccountRegistrationTest - lastname
14:45:06.205 [main] INFO  testCase.TC_001_AccountRegistrationTest - Email
14:46:05.193 [main] INFO  testCase.TC_001_AccountRegistrationTest - ****Starting TC_001_AccountRegistrationTest****
14:46:05.303 [main] INFO  testCase.TC_001_AccountRegistrationTest - MyAccount
14:46:06.493 [main] INFO  testCase.TC_001_AccountRegistrationTest - Registration
14:46:06.495 [main] INFO  testCase.TC_001_AccountRegistrationTest - AccountRegistrationPage
14:46:06.589 [main] INFO  testCase.TC_001_AccountRegistrationTest - firstname
14:46:06.674 [main] INFO  testCase.TC_001_AccountRegistrationTest - lastname
14:46:06.766 [main] INFO  testCase.TC_001_AccountRegistrationTest - Email
14:53:10.642 [main] INFO  testCase.TC_001_AccountRegistrationTest - ****Starting TC_001_AccountRegistrationTest****
14:53:10.743 [main] INFO  testCase.TC_001_AccountRegistrationTest - MyAccount
14:53:11.579 [main] INFO  testCase.TC_001_AccountRegistrationTest - Registration
14:53:11.581 [main] INFO  testCase.TC_001_AccountRegistrationTest - AccountRegistrationPage
14:53:11.715 [main] INFO  testCase.TC_001_AccountRegistrationTest - firstname
14:53:11.776 [main] INFO  testCase.TC_001_AccountRegistrationTest - lastname
14:53:11.852 [main] INFO  testCase.TC_001_AccountRegistrationTest - Email
14:55:08.215 [main] INFO  testCase.TC_001_AccountRegistrationTest - ****Starting TC_001_AccountRegistrationTest****
14:55:08.490 [main] INFO  testCase.TC_001_AccountRegistrationTest - MyAccount
14:55:09.757 [main] INFO  testCase.TC_001_AccountRegistrationTest - Registration
14:55:09.759 [main] INFO  testCase.TC_001_AccountRegistrationTest - AccountRegistrationPage
14:55:09.879 [main] INFO  testCase.TC_001_AccountRegistrationTest - firstname
14:55:09.943 [main] INFO  testCase.TC_001_AccountRegistrationTest - lastname
14:55:10.021 [main] INFO  testCase.TC_001_AccountRegistrationTest - Email
14:57:01.484 [main] INFO  testCase.TC_001_AccountRegistrationTest - ****Starting TC_001_AccountRegistrationTest****
14:57:01.746 [main] INFO  testCase.TC_001_AccountRegistrationTest - MyAccount
14:57:02.998 [main] INFO  testCase.TC_001_AccountRegistrationTest - Registration
14:57:03.000 [main] INFO  testCase.TC_001_AccountRegistrationTest - AccountRegistrationPage
14:57:03.105 [main] INFO  testCase.TC_001_AccountRegistrationTest - firstname
14:57:03.166 [main] INFO  testCase.TC_001_AccountRegistrationTest - lastname
14:57:03.244 [main] INFO  testCase.TC_001_AccountRegistrationTest - Email
14:57:05.482 [main] INFO  testCase.TC_001_AccountRegistrationTest - Click the button to continue
14:58:12.255 [main] INFO  testCase.TC_001_AccountRegistrationTest - ****Starting TC_001_AccountRegistrationTest****
14:58:12.361 [main] INFO  testCase.TC_001_AccountRegistrationTest - MyAccount
14:58:13.638 [main] INFO  testCase.TC_001_AccountRegistrationTest - Registration
14:58:13.644 [main] INFO  testCase.TC_001_AccountRegistrationTest - AccountRegistrationPage
14:58:13.804 [main] INFO  testCase.TC_001_AccountRegistrationTest - firstname
14:58:13.896 [main] INFO  testCase.TC_001_AccountRegistrationTest - lastname
14:58:13.989 [main] INFO  testCase.TC_001_AccountRegistrationTest - Email
14:58:16.252 [main] INFO  testCase.TC_001_AccountRegistrationTest - Click the button to continue
15:02:03.289 [main] INFO  testCase.TC_001_AccountRegistrationTest - ****Starting TC_001_AccountRegistrationTest****
15:02:03.504 [main] INFO  testCase.TC_001_AccountRegistrationTest - MyAccount
15:02:04.828 [main] INFO  testCase.TC_001_AccountRegistrationTest - Registration
15:02:04.829 [main] INFO  testCase.TC_001_AccountRegistrationTest - AccountRegistrationPage
15:02:04.958 [main] INFO  testCase.TC_001_AccountRegistrationTest - firstname
15:02:05.022 [main] INFO  testCase.TC_001_AccountRegistrationTest - lastname
15:02:05.114 [main] INFO  testCase.TC_001_AccountRegistrationTest - Email
15:02:07.364 [main] INFO  testCase.TC_001_AccountRegistrationTest - Click the button to continue
15:03:05.854 [main] INFO  testCase.TC_001_AccountRegistrationTest - ****Starting TC_001_AccountRegistrationTest****
15:03:06.094 [main] INFO  testCase.TC_001_AccountRegistrationTest - MyAccount
15:03:07.608 [main] INFO  testCase.TC_001_AccountRegistrationTest - Registration
15:03:07.608 [main] INFO  testCase.TC_001_AccountRegistrationTest - AccountRegistrationPage
15:03:07.711 [main] INFO  testCase.TC_001_AccountRegistrationTest - firstname
15:03:07.781 [main] INFO  testCase.TC_001_AccountRegistrationTest - lastname
15:03:07.869 [main] INFO  testCase.TC_001_AccountRegistrationTest - Email
15:03:22.138 [main] INFO  testCase.TC_001_AccountRegistrationTest - Click the button to continue
15:04:16.826 [main] INFO  testCase.TC_001_AccountRegistrationTest - ****Starting TC_001_AccountRegistrationTest****
15:04:16.957 [main] INFO  testCase.TC_001_AccountRegistrationTest - MyAccount
15:04:18.537 [main] INFO  testCase.TC_001_AccountRegistrationTest - Registration
15:04:18.541 [main] INFO  testCase.TC_001_AccountRegistrationTest - AccountRegistrationPage
15:04:18.647 [main] INFO  testCase.TC_001_AccountRegistrationTest - firstname
15:04:18.706 [main] INFO  testCase.TC_001_AccountRegistrationTest - lastname
15:04:18.785 [main] INFO  testCase.TC_001_AccountRegistrationTest - Email
15:04:32.992 [main] INFO  testCase.TC_001_AccountRegistrationTest - Click the button to continue
15:05:34.305 [main] INFO  testCase.TC_001_AccountRegistrationTest - ****Starting TC_001_AccountRegistrationTest****
15:05:34.573 [main] INFO  testCase.TC_001_AccountRegistrationTest - MyAccount
15:05:35.710 [main] INFO  testCase.TC_001_AccountRegistrationTest - Registration
15:05:35.712 [main] INFO  testCase.TC_001_AccountRegistrationTest - AccountRegistrationPage
15:05:35.815 [main] INFO  testCase.TC_001_AccountRegistrationTest - firstname
15:05:35.987 [main] INFO  testCase.TC_001_AccountRegistrationTest - lastname
15:05:36.171 [main] INFO  testCase.TC_001_AccountRegistrationTest - Email
15:05:43.391 [main] INFO  testCase.TC_001_AccountRegistrationTest - Click the button to continue
15:06:39.946 [main] INFO  testCase.TC_001_AccountRegistrationTest - ****Starting TC_001_AccountRegistrationTest****
15:06:40.163 [main] INFO  testCase.TC_001_AccountRegistrationTest - MyAccount
15:06:41.301 [main] INFO  testCase.TC_001_AccountRegistrationTest - Registration
15:06:41.307 [main] INFO  testCase.TC_001_AccountRegistrationTest - AccountRegistrationPage
15:06:41.390 [main] INFO  testCase.TC_001_AccountRegistrationTest - firstname
15:06:41.452 [main] INFO  testCase.TC_001_AccountRegistrationTest - lastname
15:06:41.527 [main] INFO  testCase.TC_001_AccountRegistrationTest - Email
15:06:48.750 [main] INFO  testCase.TC_001_AccountRegistrationTest - Click the button to continue
15:07:42.800 [main] INFO  testCase.TC_001_AccountRegistrationTest - ****Starting TC_001_AccountRegistrationTest****
15:07:43.067 [main] INFO  testCase.TC_001_AccountRegistrationTest - MyAccount
15:07:44.511 [main] INFO  testCase.TC_001_AccountRegistrationTest - Registration
15:07:44.515 [main] INFO  testCase.TC_001_AccountRegistrationTest - AccountRegistrationPage
15:07:44.618 [main] INFO  testCase.TC_001_AccountRegistrationTest - firstname
15:07:44.697 [main] INFO  testCase.TC_001_AccountRegistrationTest - lastname
15:07:44.781 [main] INFO  testCase.TC_001_AccountRegistrationTest - Email
15:07:52.001 [main] INFO  testCase.TC_001_AccountRegistrationTest - Click the button to continue
15:10:31.436 [main] INFO  testCase.TC_001_AccountRegistrationTest - ****Starting TC_001_AccountRegistrationTest****
15:10:31.685 [main] INFO  testCase.TC_001_AccountRegistrationTest - MyAccount
15:10:33.007 [main] INFO  testCase.TC_001_AccountRegistrationTest - Registration
15:10:33.009 [main] INFO  testCase.TC_001_AccountRegistrationTest - AccountRegistrationPage
15:10:33.118 [main] INFO  testCase.TC_001_AccountRegistrationTest - firstname
15:10:33.211 [main] INFO  testCase.TC_001_AccountRegistrationTest - lastname
15:10:33.316 [main] INFO  testCase.TC_001_AccountRegistrationTest - Email
15:10:40.536 [main] INFO  testCase.TC_001_AccountRegistrationTest - Click the button to continue
15:15:08.492 [main] INFO  testCase.TC_001_AccountRegistrationTest - ****Starting TC_001_AccountRegistrationTest****
15:15:08.614 [main] INFO  testCase.TC_001_AccountRegistrationTest - MyAccount
15:15:10.810 [main] INFO  testCase.TC_001_AccountRegistrationTest - Registration
15:15:10.812 [main] INFO  testCase.TC_001_AccountRegistrationTest - AccountRegistrationPage
15:15:10.926 [main] INFO  testCase.TC_001_AccountRegistrationTest - firstname
15:15:10.998 [main] INFO  testCase.TC_001_AccountRegistrationTest - lastname
15:15:11.073 [main] INFO  testCase.TC_001_AccountRegistrationTest - Email
15:15:18.294 [main] INFO  testCase.TC_001_AccountRegistrationTest - Click the button to continue
15:19:10.171 [main] INFO  testCase.TC_001_AccountRegistrationTest - ****Starting TC_001_AccountRegistrationTest****
15:19:10.431 [main] INFO  testCase.TC_001_AccountRegistrationTest - MyAccount
15:19:11.612 [main] INFO  testCase.TC_001_AccountRegistrationTest - Registration
15:19:11.614 [main] INFO  testCase.TC_001_AccountRegistrationTest - AccountRegistrationPage
15:19:11.727 [main] INFO  testCase.TC_001_AccountRegistrationTest - firstname
15:19:11.812 [main] INFO  testCase.TC_001_AccountRegistrationTest - lastname
15:19:11.910 [main] INFO  testCase.TC_001_AccountRegistrationTest - Email
15:19:19.168 [main] INFO  testCase.TC_001_AccountRegistrationTest - Click the button to continue
15:20:29.108 [main] INFO  testCase.TC_001_AccountRegistrationTest - ****Starting TC_001_AccountRegistrationTest****
15:20:29.357 [main] INFO  testCase.TC_001_AccountRegistrationTest - MyAccount
15:20:30.630 [main] INFO  testCase.TC_001_AccountRegistrationTest - Registration
15:20:30.632 [main] INFO  testCase.TC_001_AccountRegistrationTest - AccountRegistrationPage
15:20:30.715 [main] INFO  testCase.TC_001_AccountRegistrationTest - firstname
15:20:30.779 [main] INFO  testCase.TC_001_AccountRegistrationTest - lastname
15:20:30.853 [main] INFO  testCase.TC_001_AccountRegistrationTest - Email
15:20:32.047 [main] INFO  testCase.TC_001_AccountRegistrationTest - Click the button to continue
12:38:31.246 [main] INFO  testCase.TC_001_AccountRegistrationTest - ****Starting TC_001_AccountRegistrationTest****
12:38:31.440 [main] INFO  testCase.TC_001_AccountRegistrationTest - MyAccount
12:38:32.181 [main] INFO  testCase.TC_001_AccountRegistrationTest - Registration
12:38:32.181 [main] INFO  testCase.TC_001_AccountRegistrationTest - AccountRegistrationPage
12:38:32.308 [main] INFO  testCase.TC_001_AccountRegistrationTest - firstname
12:38:32.376 [main] INFO  testCase.TC_001_AccountRegistrationTest - lastname
12:38:32.462 [main] INFO  testCase.TC_001_AccountRegistrationTest - Email
13:04:41.021 [main] INFO  testCase.TC_001_AccountRegistrationTest - ****Starting TC_001_AccountRegistrationTest****
13:04:41.243 [main] INFO  testCase.TC_001_AccountRegistrationTest - MyAccount
13:04:41.913 [main] INFO  testCase.TC_001_AccountRegistrationTest - Registration
13:04:41.920 [main] INFO  testCase.TC_001_AccountRegistrationTest - AccountRegistrationPage
13:04:42.071 [main] INFO  testCase.TC_001_AccountRegistrationTest - firstname
13:04:42.136 [main] INFO  testCase.TC_001_AccountRegistrationTest - lastname
13:04:42.215 [main] INFO  testCase.TC_001_AccountRegistrationTest - Email
13:06:00.932 [TestNG-tests-1] INFO  testCase.TC_001_AccountRegistrationTest - ****Starting TC_001_AccountRegistrationTest****
13:06:01.679 [TestNG-tests-1] INFO  testCase.TC_001_AccountRegistrationTest - MyAccount
13:06:02.641 [TestNG-tests-1] INFO  testCase.TC_001_AccountRegistrationTest - Registration
13:06:02.669 [TestNG-tests-1] INFO  testCase.TC_001_AccountRegistrationTest - AccountRegistrationPage
13:06:04.337 [TestNG-tests-1] INFO  testCase.TC_001_AccountRegistrationTest - firstname
13:06:04.478 [TestNG-tests-1] INFO  testCase.TC_001_AccountRegistrationTest - lastname
13:06:04.571 [TestNG-tests-1] INFO  testCase.TC_001_AccountRegistrationTest - Email
13:06:08.145 [TestNG-tests-2] INFO  testCase.TC_001_AccountRegistrationTest - ****Starting TC_001_AccountRegistrationTest****
13:06:08.391 [TestNG-tests-2] INFO  testCase.TC_001_AccountRegistrationTest - MyAccount
13:06:09.210 [TestNG-tests-2] INFO  testCase.TC_001_AccountRegistrationTest - Registration
13:06:09.214 [TestNG-tests-2] INFO  testCase.TC_001_AccountRegistrationTest - AccountRegistrationPage
13:06:09.388 [TestNG-tests-2] INFO  testCase.TC_001_AccountRegistrationTest - firstname
13:06:09.537 [TestNG-tests-2] INFO  testCase.TC_001_AccountRegistrationTest - lastname
13:06:09.717 [TestNG-tests-2] INFO  testCase.TC_001_AccountRegistrationTest - Email
13:06:12.887 [TestNG-tests-3] INFO  testCase.TC_001_AccountRegistrationTest - ****Starting TC_001_AccountRegistrationTest****
13:06:13.102 [TestNG-tests-3] INFO  testCase.TC_001_AccountRegistrationTest - MyAccount
13:06:13.792 [TestNG-tests-3] INFO  testCase.TC_001_AccountRegistrationTest - Registration
13:06:13.793 [TestNG-tests-3] INFO  testCase.TC_001_AccountRegistrationTest - AccountRegistrationPage
13:06:13.960 [TestNG-tests-3] INFO  testCase.TC_001_AccountRegistrationTest - firstname
13:06:14.042 [TestNG-tests-3] INFO  testCase.TC_001_AccountRegistrationTest - lastname
13:06:14.131 [TestNG-tests-3] INFO  testCase.TC_001_AccountRegistrationTest - Email
14:59:02.028 [main] INFO  testCase.TC_001_AccountRegistrationTest - ****Starting TC_001_AccountRegistrationTest****
14:59:02.181 [main] INFO  testCase.TC_001_AccountRegistrationTest - MyAccount
14:59:02.955 [main] INFO  testCase.TC_001_AccountRegistrationTest - Registration
14:59:02.958 [main] INFO  testCase.TC_001_AccountRegistrationTest - AccountRegistrationPage
14:59:03.113 [main] INFO  testCase.TC_001_AccountRegistrationTest - firstname
14:59:03.201 [main] INFO  testCase.TC_001_AccountRegistrationTest - lastname
14:59:03.311 [main] INFO  testCase.TC_001_AccountRegistrationTest - Email
14:59:05.515 [main] ERROR testCase.TC_001_AccountRegistrationTest - test failed
15:00:01.483 [main] INFO  testCase.TC_001_AccountRegistrationTest - ****Starting TC_001_AccountRegistrationTest****
15:00:01.618 [main] INFO  testCase.TC_001_AccountRegistrationTest - MyAccount
15:00:02.218 [main] INFO  testCase.TC_001_AccountRegistrationTest - Registration
15:00:02.221 [main] INFO  testCase.TC_001_AccountRegistrationTest - AccountRegistrationPage
15:00:02.391 [main] INFO  testCase.TC_001_AccountRegistrationTest - firstname
15:00:02.500 [main] INFO  testCase.TC_001_AccountRegistrationTest - lastname
15:00:02.627 [main] INFO  testCase.TC_001_AccountRegistrationTest - Email
15:00:03.901 [main] INFO  testCase.TC_001_AccountRegistrationTest - Click the button to continue
15:00:08.956 [main] INFO  testCase.TC_001_AccountRegistrationTest - Validating expected message
15:03:03.454 [main] INFO  testCase.TC_001_AccountRegistrationTest - ****Starting TC_001_AccountRegistrationTest****
15:03:03.616 [main] INFO  testCase.TC_001_AccountRegistrationTest - MyAccount
15:03:04.267 [main] INFO  testCase.TC_001_AccountRegistrationTest - Registration
15:03:04.277 [main] INFO  testCase.TC_001_AccountRegistrationTest - AccountRegistrationPage
15:03:04.480 [main] INFO  testCase.TC_001_AccountRegistrationTest - firstname
15:03:04.545 [main] INFO  testCase.TC_001_AccountRegistrationTest - lastname
15:03:04.545 [main] INFO  testCase.TC_001_AccountRegistrationTest - Email
15:03:05.805 [main] INFO  testCase.TC_001_AccountRegistrationTest - Click the button to continue
15:03:10.869 [main] INFO  testCase.TC_001_AccountRegistrationTest - Validating expected message
15:07:20.150 [main] INFO  testCase.TC_001_AccountRegistrationTest - ****Starting TC_001_AccountRegistrationTest****
15:07:20.373 [main] INFO  testCase.TC_001_AccountRegistrationTest - MyAccount
15:07:21.142 [main] INFO  testCase.TC_001_AccountRegistrationTest - Registration
15:07:21.155 [main] INFO  testCase.TC_001_AccountRegistrationTest - AccountRegistrationPage
15:07:21.261 [main] INFO  testCase.TC_001_AccountRegistrationTest - firstname
15:07:21.330 [main] INFO  testCase.TC_001_AccountRegistrationTest - lastname
15:07:23.505 [main] ERROR testCase.TC_001_AccountRegistrationTest - test failed
15:11:01.834 [main] INFO  testCase.TC_001_AccountRegistrationTest - ****Starting TC_001_AccountRegistrationTest****
15:11:02.053 [main] INFO  testCase.TC_001_AccountRegistrationTest - MyAccount
15:11:02.727 [main] INFO  testCase.TC_001_AccountRegistrationTest - Registration
15:11:02.730 [main] INFO  testCase.TC_001_AccountRegistrationTest - AccountRegistrationPage
15:11:02.881 [main] INFO  testCase.TC_001_AccountRegistrationTest - firstname
15:11:02.968 [main] INFO  testCase.TC_001_AccountRegistrationTest - lastname
15:11:05.162 [main] ERROR testCase.TC_001_AccountRegistrationTest - test failed
15:13:49.241 [main] INFO  testCase.TC_001_AccountRegistrationTest - ****Starting TC_001_AccountRegistrationTest****
15:13:49.410 [main] INFO  testCase.TC_001_AccountRegistrationTest - MyAccount
15:13:50.050 [main] INFO  testCase.TC_001_AccountRegistrationTest - Registration
15:13:50.079 [main] INFO  testCase.TC_001_AccountRegistrationTest - AccountRegistrationPage
15:13:50.365 [main] INFO  testCase.TC_001_AccountRegistrationTest - firstname
15:13:50.528 [main] INFO  testCase.TC_001_AccountRegistrationTest - lastname
15:13:52.799 [main] ERROR testCase.TC_001_AccountRegistrationTest - test failed
15:16:26.396 [main] INFO  testCase.TC_001_AccountRegistrationTest - ****Starting TC_001_AccountRegistrationTest****
15:16:26.733 [main] INFO  testCase.TC_001_AccountRegistrationTest - MyAccount
15:16:27.426 [main] INFO  testCase.TC_001_AccountRegistrationTest - Registration
15:16:27.429 [main] INFO  testCase.TC_001_AccountRegistrationTest - AccountRegistrationPage
15:16:27.692 [main] INFO  testCase.TC_001_AccountRegistrationTest - firstname
15:16:27.797 [main] INFO  testCase.TC_001_AccountRegistrationTest - lastname
15:16:29.071 [main] INFO  testCase.TC_001_AccountRegistrationTest - Click the button to continue
15:16:34.142 [main] INFO  testCase.TC_001_AccountRegistrationTest - Validating expected message
15:21:58.116 [main] INFO  testCase.TC_001_AccountRegistrationTest - ****Starting TC_001_AccountRegistrationTest****
15:21:58.305 [main] INFO  testCase.TC_001_AccountRegistrationTest - MyAccount
15:21:59.761 [main] INFO  testCase.TC_001_AccountRegistrationTest - Registration
15:21:59.767 [main] INFO  testCase.TC_001_AccountRegistrationTest - AccountRegistrationPage
15:21:59.925 [main] INFO  testCase.TC_001_AccountRegistrationTest - firstname
15:22:00.067 [main] INFO  testCase.TC_001_AccountRegistrationTest - lastname
15:22:02.341 [main] ERROR testCase.TC_001_AccountRegistrationTest - test failed
12:53:17.532 [main] INFO  testCase.TC_001_AccountRegistrationTest - ****Starting TC_001_AccountRegistrationTest****
12:53:17.777 [main] INFO  testCase.TC_001_AccountRegistrationTest - MyAccount
12:53:18.359 [main] INFO  testCase.TC_001_AccountRegistrationTest - Registration
12:53:18.373 [main] INFO  testCase.TC_001_AccountRegistrationTest - AccountRegistrationPage
12:53:18.603 [main] INFO  testCase.TC_001_AccountRegistrationTest - firstname
12:53:18.722 [main] INFO  testCase.TC_001_AccountRegistrationTest - lastname
12:53:18.863 [main] INFO  testCase.TC_001_AccountRegistrationTest - Email
12:53:33.946 [main] ERROR testCase.TC_001_AccountRegistrationTest - test failed
12:53:38.125 [main] INFO  testCase.TC_002_LoginTest - ***Starting TC_002_LoginTest 
13:00:28.981 [main] INFO  testCase.TC_001_AccountRegistrationTest - ****Starting TC_001_AccountRegistrationTest****
13:00:29.134 [main] INFO  testCase.TC_001_AccountRegistrationTest - MyAccount
13:00:29.251 [main] INFO  testCase.TC_001_AccountRegistrationTest - Registration
13:00:29.256 [main] INFO  testCase.TC_001_AccountRegistrationTest - AccountRegistrationPage
13:00:44.350 [main] ERROR testCase.TC_001_AccountRegistrationTest - test failed
13:12:06.464 [main] INFO  testCase.TC_001_AccountRegistrationTest - ****Starting TC_001_AccountRegistrationTest****
13:12:06.719 [main] INFO  testCase.TC_001_AccountRegistrationTest - MyAccount
13:12:07.081 [main] INFO  testCase.TC_001_AccountRegistrationTest - Registration
13:12:07.084 [main] INFO  testCase.TC_001_AccountRegistrationTest - AccountRegistrationPage
13:12:07.263 [main] INFO  testCase.TC_001_AccountRegistrationTest - firstname
13:12:07.347 [main] INFO  testCase.TC_001_AccountRegistrationTest - lastname
13:12:07.443 [main] INFO  testCase.TC_001_AccountRegistrationTest - Email
13:12:09.689 [main] ERROR testCase.TC_001_AccountRegistrationTest - test failed
13:17:20.502 [main] INFO  testCase.TC_001_AccountRegistrationTest - ****Starting TC_001_AccountRegistrationTest****
13:17:20.874 [main] INFO  testCase.TC_001_AccountRegistrationTest - MyAccount
13:17:21.246 [main] INFO  testCase.TC_001_AccountRegistrationTest - Registration
13:17:21.250 [main] INFO  testCase.TC_001_AccountRegistrationTest - AccountRegistrationPage
13:17:21.405 [main] INFO  testCase.TC_001_AccountRegistrationTest - firstname
13:17:21.478 [main] INFO  testCase.TC_001_AccountRegistrationTest - lastname
13:17:21.589 [main] INFO  testCase.TC_001_AccountRegistrationTest - Email
13:17:22.860 [main] INFO  testCase.TC_001_AccountRegistrationTest - Click the button to continue
13:17:27.896 [main] INFO  testCase.TC_001_AccountRegistrationTest - Validating expected message
13:21:28.595 [main] INFO  testCase.TC_001_AccountRegistrationTest - ****Starting TC_001_AccountRegistrationTest****
13:21:28.775 [main] INFO  testCase.TC_001_AccountRegistrationTest - MyAccount
13:21:29.179 [main] INFO  testCase.TC_001_AccountRegistrationTest - Registration
13:21:29.185 [main] INFO  testCase.TC_001_AccountRegistrationTest - AccountRegistrationPage
13:21:29.319 [main] INFO  testCase.TC_001_AccountRegistrationTest - firstname
13:21:29.382 [main] INFO  testCase.TC_001_AccountRegistrationTest - lastname
13:21:29.455 [main] INFO  testCase.TC_001_AccountRegistrationTest - Email
13:21:30.672 [main] INFO  testCase.TC_001_AccountRegistrationTest - Click the button to continue
13:21:35.709 [main] INFO  testCase.TC_001_AccountRegistrationTest - Validating expected message
13:21:35.709 [main] INFO  testCase.TC_001_AccountRegistrationTest - ****FinishingTC_001_AccountRegistrationTest****
13:24:47.933 [main] INFO  testCase.TC_002_LoginTest - ***Starting TC_002_LoginTest 
13:24:49.423 [main] INFO  testCase.TC_002_LoginTest - ***Finished  TC_002_LoginTest
13:26:08.200 [main] INFO  testCase.TC_001_AccountRegistrationTest - ****Starting TC_001_AccountRegistrationTest****
13:26:08.339 [main] INFO  testCase.TC_001_AccountRegistrationTest - MyAccount
13:26:08.773 [main] INFO  testCase.TC_001_AccountRegistrationTest - Registration
13:26:08.779 [main] INFO  testCase.TC_001_AccountRegistrationTest - AccountRegistrationPage
13:26:08.950 [main] INFO  testCase.TC_001_AccountRegistrationTest - firstname
13:26:09.025 [main] INFO  testCase.TC_001_AccountRegistrationTest - lastname
13:26:09.104 [main] INFO  testCase.TC_001_AccountRegistrationTest - Email
13:26:11.336 [main] ERROR testCase.TC_001_AccountRegistrationTest - test failed
13:26:14.066 [main] INFO  testCase.TC_002_LoginTest - ***Starting TC_002_LoginTest 
13:26:15.856 [main] INFO  testCase.TC_002_LoginTest - ***Finished  TC_002_LoginTest
13:33:07.601 [main] INFO  testCase.TC_001_AccountRegistrationTest - ****Starting TC_001_AccountRegistrationTest****
13:33:07.797 [main] INFO  testCase.TC_001_AccountRegistrationTest - MyAccount
13:33:08.197 [main] INFO  testCase.TC_001_AccountRegistrationTest - Registration
13:33:08.201 [main] INFO  testCase.TC_001_AccountRegistrationTest - AccountRegistrationPage
13:33:08.357 [main] INFO  testCase.TC_001_AccountRegistrationTest - firstname
13:33:08.430 [main] INFO  testCase.TC_001_AccountRegistrationTest - lastname
13:33:08.511 [main] INFO  testCase.TC_001_AccountRegistrationTest - Email
13:33:13.743 [main] INFO  testCase.TC_001_AccountRegistrationTest - Click the button to continue
13:33:18.805 [main] INFO  testCase.TC_001_AccountRegistrationTest - Validating expected message
13:33:18.805 [main] INFO  testCase.TC_001_AccountRegistrationTest - ****FinishingTC_001_AccountRegistrationTest****
13:33:21.729 [main] INFO  testCase.TC_002_LoginTest - ***Starting TC_002_LoginTest 
13:33:23.175 [main] INFO  testCase.TC_002_LoginTest - ***Finished  TC_002_LoginTest
15:40:15.674 [main] INFO  testCase.TC_003_LoginDataDrivenTest - ****Starting TC_003_LoginDataDrivenTest*** 
15:40:31.575 [main] INFO  testCase.TC_003_LoginDataDrivenTest - ***Finished TC_003_LoginDataDrivenTest*****
15:40:31.593 [main] INFO  testCase.TC_003_LoginDataDrivenTest - ****Starting TC_003_LoginDataDrivenTest*** 
15:40:47.217 [main] INFO  testCase.TC_003_LoginDataDrivenTest - ***Finished TC_003_LoginDataDrivenTest*****
15:40:47.217 [main] INFO  testCase.TC_003_LoginDataDrivenTest - ****Starting TC_003_LoginDataDrivenTest*** 
15:41:02.739 [main] INFO  testCase.TC_003_LoginDataDrivenTest - ***Finished TC_003_LoginDataDrivenTest*****
15:41:02.739 [main] INFO  testCase.TC_003_LoginDataDrivenTest - ****Starting TC_003_LoginDataDrivenTest*** 
15:41:18.258 [main] INFO  testCase.TC_003_LoginDataDrivenTest - ***Finished TC_003_LoginDataDrivenTest*****
15:41:18.271 [main] INFO  testCase.TC_003_LoginDataDrivenTest - ****Starting TC_003_LoginDataDrivenTest*** 
19:38:45.783 [TestNG-tests-1] INFO  testCase.TC_001_AccountRegistrationTest - ****Starting TC_001_AccountRegistrationTest****
19:38:46.275 [TestNG-tests-1] INFO  testCase.TC_001_AccountRegistrationTest - MyAccount
19:38:48.033 [TestNG-tests-1] INFO  testCase.TC_001_AccountRegistrationTest - Registration
19:38:48.114 [TestNG-tests-1] INFO  testCase.TC_001_AccountRegistrationTest - AccountRegistrationPage
19:38:49.192 [TestNG-tests-1] INFO  testCase.TC_001_AccountRegistrationTest - firstname
19:38:58.780 [TestNG-tests-1] INFO  testCase.TC_001_AccountRegistrationTest - lastname
19:38:59.183 [TestNG-tests-1] INFO  testCase.TC_001_AccountRegistrationTest - Email
19:39:00.613 [TestNG-tests-2] INFO  testCase.TC_001_AccountRegistrationTest - ****Starting TC_001_AccountRegistrationTest****
19:39:00.977 [TestNG-tests-2] INFO  testCase.TC_001_AccountRegistrationTest - MyAccount
19:39:02.535 [TestNG-tests-2] INFO  testCase.TC_001_AccountRegistrationTest - Registration
19:39:02.538 [TestNG-tests-2] INFO  testCase.TC_001_AccountRegistrationTest - AccountRegistrationPage
19:39:02.562 [TestNG-tests-3] INFO  testCase.TC_001_AccountRegistrationTest - ****Starting TC_001_AccountRegistrationTest****
19:39:02.762 [TestNG-tests-2] INFO  testCase.TC_001_AccountRegistrationTest - firstname
19:39:02.860 [TestNG-tests-3] INFO  testCase.TC_001_AccountRegistrationTest - MyAccount
19:39:03.093 [TestNG-tests-2] INFO  testCase.TC_001_AccountRegistrationTest - lastname
19:39:03.518 [TestNG-tests-3] INFO  testCase.TC_001_AccountRegistrationTest - Registration
19:39:03.519 [TestNG-tests-3] INFO  testCase.TC_001_AccountRegistrationTest - AccountRegistrationPage
19:39:03.642 [TestNG-tests-2] INFO  testCase.TC_001_AccountRegistrationTest - Email
19:39:03.706 [TestNG-tests-3] INFO  testCase.TC_001_AccountRegistrationTest - firstname
19:39:03.877 [TestNG-tests-3] INFO  testCase.TC_001_AccountRegistrationTest - lastname
19:39:03.980 [TestNG-tests-3] INFO  testCase.TC_001_AccountRegistrationTest - Email
19:39:06.060 [TestNG-tests-1] ERROR testCase.TC_001_AccountRegistrationTest - test failed
19:39:08.889 [TestNG-tests-2] ERROR testCase.TC_001_AccountRegistrationTest - test failed
19:39:09.169 [TestNG-tests-3] ERROR testCase.TC_001_AccountRegistrationTest - test failed
19:39:11.367 [TestNG-tests-1] INFO  testCase.TC_002_LoginTest - ***Starting TC_002_LoginTest 
19:39:15.065 [TestNG-tests-1] INFO  testCase.TC_002_LoginTest - ***Finished  TC_002_LoginTest
19:39:19.056 [TestNG-tests-2] INFO  testCase.TC_002_LoginTest - ***Starting TC_002_LoginTest 
19:39:23.452 [TestNG-tests-2] INFO  testCase.TC_002_LoginTest - ***Finished  TC_002_LoginTest
19:39:24.547 [TestNG-tests-3] INFO  testCase.TC_002_LoginTest - ***Starting TC_002_LoginTest 
19:45:29.302 [TestNG-tests-1] INFO  testCase.TC_001_AccountRegistrationTest - ****Starting TC_001_AccountRegistrationTest****
19:45:29.303 [TestNG-tests-2] INFO  testCase.TC_001_AccountRegistrationTest - ****Starting TC_001_AccountRegistrationTest****
19:45:29.682 [TestNG-tests-1] INFO  testCase.TC_001_AccountRegistrationTest - MyAccount
19:45:29.785 [TestNG-tests-2] INFO  testCase.TC_001_AccountRegistrationTest - MyAccount
19:45:35.381 [TestNG-tests-3] INFO  testCase.TC_001_AccountRegistrationTest - ****Starting TC_001_AccountRegistrationTest****
19:45:35.778 [TestNG-tests-3] INFO  testCase.TC_001_AccountRegistrationTest - MyAccount
19:45:36.288 [TestNG-tests-3] INFO  testCase.TC_001_AccountRegistrationTest - Registration
19:45:36.314 [TestNG-tests-3] INFO  testCase.TC_001_AccountRegistrationTest - AccountRegistrationPage
19:45:36.410 [TestNG-tests-3] INFO  testCase.TC_001_AccountRegistrationTest - firstname
19:45:36.449 [TestNG-tests-3] INFO  testCase.TC_001_AccountRegistrationTest - lastname
19:45:36.486 [TestNG-tests-3] INFO  testCase.TC_001_AccountRegistrationTest - Email
19:45:42.163 [TestNG-tests-3] INFO  testCase.TC_001_AccountRegistrationTest - Click the button to continue
19:45:44.987 [TestNG-tests-1] ERROR testCase.TC_001_AccountRegistrationTest - test failed
19:45:47.177 [TestNG-tests-3] INFO  testCase.TC_001_AccountRegistrationTest - Validating expected message
19:45:59.953 [TestNG-tests-2] ERROR testCase.TC_001_AccountRegistrationTest - test failed
19:47:56.318 [TestNG-tests-1] INFO  testCase.TC_001_AccountRegistrationTest - ****Starting TC_001_AccountRegistrationTest****
19:47:57.083 [TestNG-tests-1] INFO  testCase.TC_001_AccountRegistrationTest - MyAccount
19:47:59.177 [TestNG-tests-1] INFO  testCase.TC_001_AccountRegistrationTest - Registration
19:47:59.191 [TestNG-tests-1] INFO  testCase.TC_001_AccountRegistrationTest - AccountRegistrationPage
19:47:59.806 [TestNG-tests-2] INFO  testCase.TC_003_LoginDataDrivenTest - ****Starting TC_003_LoginDataDrivenTest*** 
19:48:00.123 [TestNG-tests-1] INFO  testCase.TC_001_AccountRegistrationTest - firstname
19:48:00.678 [TestNG-tests-1] INFO  testCase.TC_001_AccountRegistrationTest - lastname
19:48:01.932 [TestNG-tests-1] ERROR testCase.TC_001_AccountRegistrationTest - test failed
19:48:04.154 [TestNG-tests-3] INFO  testCase.TC_003_LoginDataDrivenTest - ****Starting TC_003_LoginDataDrivenTest*** 
19:48:05.085 [TestNG-tests-2] INFO  testCase.TC_003_LoginDataDrivenTest - ****Starting TC_003_LoginDataDrivenTest*** 
19:48:06.051 [TestNG-tests-3] INFO  testCase.TC_003_LoginDataDrivenTest - ****Starting TC_003_LoginDataDrivenTest*** 
19:48:22.116 [TestNG-tests-2] INFO  testCase.TC_003_LoginDataDrivenTest - ***Finished TC_003_LoginDataDrivenTest*****
19:48:22.127 [TestNG-tests-2] INFO  testCase.TC_003_LoginDataDrivenTest - ****Starting TC_003_LoginDataDrivenTest*** 
19:48:37.702 [TestNG-tests-3] INFO  testCase.TC_003_LoginDataDrivenTest - ***Finished TC_003_LoginDataDrivenTest*****
19:48:37.705 [TestNG-tests-3] INFO  testCase.TC_003_LoginDataDrivenTest - ****Starting TC_003_LoginDataDrivenTest*** 
19:48:37.715 [TestNG-tests-2] INFO  testCase.TC_003_LoginDataDrivenTest - ****Starting TC_003_LoginDataDrivenTest*** 
19:48:38.208 [TestNG-tests-3] INFO  testCase.TC_003_LoginDataDrivenTest - ****Starting TC_003_LoginDataDrivenTest*** 
19:48:38.219 [TestNG-tests-2] INFO  testCase.TC_003_LoginDataDrivenTest - ****Starting TC_003_LoginDataDrivenTest*** 
19:48:38.742 [TestNG-tests-3] INFO  testCase.TC_003_LoginDataDrivenTest - ****Starting TC_003_LoginDataDrivenTest*** 
19:49:40.534 [main] INFO  testCase.TC_003_LoginDataDrivenTest - ****Starting TC_003_LoginDataDrivenTest*** 
19:49:56.773 [main] INFO  testCase.TC_003_LoginDataDrivenTest - ***Finished TC_003_LoginDataDrivenTest*****
19:49:56.813 [main] INFO  testCase.TC_003_LoginDataDrivenTest - ****Starting TC_003_LoginDataDrivenTest*** 
19:50:12.763 [main] INFO  testCase.TC_003_LoginDataDrivenTest - ***Finished TC_003_LoginDataDrivenTest*****
19:50:12.763 [main] INFO  testCase.TC_003_LoginDataDrivenTest - ****Starting TC_003_LoginDataDrivenTest*** 
19:50:28.585 [main] INFO  testCase.TC_003_LoginDataDrivenTest - ***Finished TC_003_LoginDataDrivenTest*****
19:50:28.597 [main] INFO  testCase.TC_003_LoginDataDrivenTest - ****Starting TC_003_LoginDataDrivenTest*** 
19:50:29.994 [main] INFO  testCase.TC_003_LoginDataDrivenTest - ****Starting TC_003_LoginDataDrivenTest*** 
19:56:59.092 [main] INFO  testCase.TC_003_LoginDataDrivenTest - ****Starting TC_003_LoginDataDrivenTest*** 
19:57:15.199 [main] INFO  testCase.TC_003_LoginDataDrivenTest - ***Finished TC_003_LoginDataDrivenTest*****
19:57:15.231 [main] INFO  testCase.TC_003_LoginDataDrivenTest - ****Starting TC_003_LoginDataDrivenTest*** 
19:57:16.632 [main] INFO  testCase.TC_003_LoginDataDrivenTest - ****Starting TC_003_LoginDataDrivenTest*** 
19:57:32.781 [main] INFO  testCase.TC_003_LoginDataDrivenTest - ***Finished TC_003_LoginDataDrivenTest*****
19:57:32.781 [main] INFO  testCase.TC_003_LoginDataDrivenTest - ****Starting TC_003_LoginDataDrivenTest*** 
19:57:48.717 [main] INFO  testCase.TC_003_LoginDataDrivenTest - ***Finished TC_003_LoginDataDrivenTest*****
19:57:48.717 [main] INFO  testCase.TC_003_LoginDataDrivenTest - ****Starting TC_003_LoginDataDrivenTest*** 
10:31:31.213 [main] INFO  testCase.TC_001_AccountRegistrationTest - ****Starting TC_001_AccountRegistrationTest****
10:31:31.408 [main] INFO  testCase.TC_001_AccountRegistrationTest - MyAccount
10:31:32.077 [main] INFO  testCase.TC_001_AccountRegistrationTest - Registration
10:31:32.086 [main] INFO  testCase.TC_001_AccountRegistrationTest - AccountRegistrationPage
10:31:32.372 [main] INFO  testCase.TC_001_AccountRegistrationTest - firstname
10:31:32.469 [main] INFO  testCase.TC_001_AccountRegistrationTest - lastname
10:31:32.582 [main] INFO  testCase.TC_001_AccountRegistrationTest - Email
10:31:37.867 [main] INFO  testCase.TC_001_AccountRegistrationTest - Click the button to continue
10:31:42.942 [main] INFO  testCase.TC_001_AccountRegistrationTest - Validating expected message
10:31:42.942 [main] INFO  testCase.TC_001_AccountRegistrationTest - ****FinishingTC_001_AccountRegistrationTest****
10:31:45.729 [main] INFO  testCase.TC_002_LoginTest - ***Starting TC_002_LoginTest 
10:31:47.186 [main] INFO  testCase.TC_002_LoginTest - ***Finished  TC_002_LoginTest
10:14:21.581 [main] INFO  testCase.TC_001_AccountRegistrationTest - ****Starting TC_001_AccountRegistrationTest****
10:14:21.843 [main] INFO  testCase.TC_001_AccountRegistrationTest - MyAccount
10:14:22.254 [main] INFO  testCase.TC_001_AccountRegistrationTest - Registration
10:14:22.266 [main] INFO  testCase.TC_001_AccountRegistrationTest - AccountRegistrationPage
10:14:22.448 [main] INFO  testCase.TC_001_AccountRegistrationTest - firstname
10:14:22.533 [main] INFO  testCase.TC_001_AccountRegistrationTest - lastname
10:14:22.610 [main] INFO  testCase.TC_001_AccountRegistrationTest - Email
10:14:27.879 [main] INFO  testCase.TC_001_AccountRegistrationTest - Click the button to continue
10:14:32.932 [main] INFO  testCase.TC_001_AccountRegistrationTest - Validating expected message
10:14:32.939 [main] INFO  testCase.TC_001_AccountRegistrationTest - ****FinishingTC_001_AccountRegistrationTest****
10:14:38.161 [main] INFO  testCase.TC_002_LoginTest - ***Starting TC_002_LoginTest 
10:14:40.163 [main] INFO  testCase.TC_002_LoginTest - ***Finished  TC_002_LoginTest
14:06:41.298 [main] INFO  testCase.TC_001_AccountRegistrationTest - ****Starting TC_001_AccountRegistrationTest****
14:06:56.413 [main] ERROR testCase.TC_001_AccountRegistrationTest - test failed
14:07:02.091 [main] INFO  testCase.TC_002_LoginTest - ***Starting TC_002_LoginTest 
14:07:56.444 [main] INFO  testCase.TC_001_AccountRegistrationTest - ****Starting TC_001_AccountRegistrationTest****
14:07:56.647 [main] INFO  testCase.TC_001_AccountRegistrationTest - MyAccount
14:07:57.259 [main] INFO  testCase.TC_001_AccountRegistrationTest - Registration
14:07:57.263 [main] INFO  testCase.TC_001_AccountRegistrationTest - AccountRegistrationPage
14:07:57.464 [main] INFO  testCase.TC_001_AccountRegistrationTest - firstname
14:07:57.549 [main] INFO  testCase.TC_001_AccountRegistrationTest - lastname
14:07:57.631 [main] INFO  testCase.TC_001_AccountRegistrationTest - Email
14:08:02.911 [main] INFO  testCase.TC_001_AccountRegistrationTest - Click the button to continue
14:08:07.972 [main] INFO  testCase.TC_001_AccountRegistrationTest - Validating expected message
14:08:07.972 [main] INFO  testCase.TC_001_AccountRegistrationTest - ****FinishingTC_001_AccountRegistrationTest****
14:08:10.931 [main] INFO  testCase.TC_002_LoginTest - ***Starting TC_002_LoginTest 
